<?xml version="1.0" encoding="UTF-8"?>
<testsuite name="com.agencymanagement.controllers.AgencyInfoControllerTest" tests="5" skipped="0" failures="0" errors="0" timestamp="2022-07-17T11:29:12" hostname="DESKTOP-2Q2M1FD" time="1.754">
  <properties/>
  <testcase name="update agency name()" classname="com.agencymanagement.controllers.AgencyInfoControllerTest" time="1.604"/>
  <testcase name="delete an agency()" classname="com.agencymanagement.controllers.AgencyInfoControllerTest" time="0.056"/>
  <testcase name="return agency by Id()" classname="com.agencymanagement.controllers.AgencyInfoControllerTest" time="0.024"/>
  <testcase name="add an agency()" classname="com.agencymanagement.controllers.AgencyInfoControllerTest" time="0.037"/>
  <testcase name="return all agencies()" classname="com.agencymanagement.controllers.AgencyInfoControllerTest" time="0.031"/>
  <system-out><![CDATA[16:59:07.727 [Test worker] DEBUG org.springframework.test.context.BootstrapUtils - Instantiating CacheAwareContextLoaderDelegate from class [org.springframework.test.context.cache.DefaultCacheAwareContextLoaderDelegate]
16:59:07.755 [Test worker] DEBUG org.springframework.test.context.BootstrapUtils - Instantiating BootstrapContext using constructor [public org.springframework.test.context.support.DefaultBootstrapContext(java.lang.Class,org.springframework.test.context.CacheAwareContextLoaderDelegate)]
16:59:07.800 [Test worker] DEBUG org.springframework.test.context.BootstrapUtils - Instantiating TestContextBootstrapper for test class [com.agencymanagement.controllers.AgencyInfoControllerTest] from class [org.springframework.boot.test.context.SpringBootTestContextBootstrapper]
16:59:07.824 [Test worker] INFO org.springframework.boot.test.context.SpringBootTestContextBootstrapper - Neither @ContextConfiguration nor @ContextHierarchy found for test class [com.agencymanagement.controllers.AgencyInfoControllerTest], using SpringBootContextLoader
16:59:07.834 [Test worker] DEBUG org.springframework.test.context.support.AbstractContextLoader - Did not detect default resource location for test class [com.agencymanagement.controllers.AgencyInfoControllerTest]: class path resource [com/agencymanagement/controllers/AgencyInfoControllerTest-context.xml] does not exist
16:59:07.835 [Test worker] DEBUG org.springframework.test.context.support.AbstractContextLoader - Did not detect default resource location for test class [com.agencymanagement.controllers.AgencyInfoControllerTest]: class path resource [com/agencymanagement/controllers/AgencyInfoControllerTestContext.groovy] does not exist
16:59:07.836 [Test worker] INFO org.springframework.test.context.support.AbstractContextLoader - Could not detect default resource locations for test class [com.agencymanagement.controllers.AgencyInfoControllerTest]: no resource found for suffixes {-context.xml, Context.groovy}.
16:59:07.837 [Test worker] INFO org.springframework.test.context.support.AnnotationConfigContextLoaderUtils - Could not detect default configuration classes for test class [com.agencymanagement.controllers.AgencyInfoControllerTest]: AgencyInfoControllerTest does not declare any static, non-private, non-final, nested classes annotated with @Configuration.
16:59:07.921 [Test worker] DEBUG org.springframework.test.context.support.ActiveProfilesUtils - Could not find an 'annotation declaring class' for annotation type [org.springframework.test.context.ActiveProfiles] and class [com.agencymanagement.controllers.AgencyInfoControllerTest]
16:59:08.035 [Test worker] DEBUG org.springframework.context.annotation.ClassPathScanningCandidateComponentProvider - Identified candidate component class: file [C:\Users\HARESH KANNAN\IdeaProjects\AgencyManagement\build\classes\kotlin\main\com\agencymanagement\AgencyManagementApplication.class]
16:59:08.038 [Test worker] INFO org.springframework.boot.test.context.SpringBootTestContextBootstrapper - Found @SpringBootConfiguration com.agencymanagement.AgencyManagementApplication for test class com.agencymanagement.controllers.AgencyInfoControllerTest
16:59:08.188 [Test worker] DEBUG org.springframework.boot.test.context.SpringBootTestContextBootstrapper - @TestExecutionListeners is not present for class [com.agencymanagement.controllers.AgencyInfoControllerTest]: using defaults.
16:59:08.189 [Test worker] INFO org.springframework.boot.test.context.SpringBootTestContextBootstrapper - Loaded default TestExecutionListener class names from location [META-INF/spring.factories]: [org.springframework.boot.test.autoconfigure.restdocs.RestDocsTestExecutionListener, org.springframework.boot.test.autoconfigure.web.client.MockRestServiceServerResetTestExecutionListener, org.springframework.boot.test.autoconfigure.web.servlet.MockMvcPrintOnlyOnFailureTestExecutionListener, org.springframework.boot.test.autoconfigure.web.servlet.WebDriverTestExecutionListener, org.springframework.boot.test.autoconfigure.webservices.client.MockWebServiceServerTestExecutionListener, org.springframework.boot.test.mock.mockito.MockitoTestExecutionListener, org.springframework.boot.test.mock.mockito.ResetMocksTestExecutionListener, org.springframework.test.context.web.ServletTestExecutionListener, org.springframework.test.context.support.DirtiesContextBeforeModesTestExecutionListener, org.springframework.test.context.event.ApplicationEventsTestExecutionListener, org.springframework.test.context.support.DependencyInjectionTestExecutionListener, org.springframework.test.context.support.DirtiesContextTestExecutionListener, org.springframework.test.context.transaction.TransactionalTestExecutionListener, org.springframework.test.context.jdbc.SqlScriptsTestExecutionListener, org.springframework.test.context.event.EventPublishingTestExecutionListener]
16:59:08.216 [Test worker] INFO org.springframework.boot.test.context.SpringBootTestContextBootstrapper - Using TestExecutionListeners: [org.springframework.test.context.web.ServletTestExecutionListener@58be6e8, org.springframework.test.context.support.DirtiesContextBeforeModesTestExecutionListener@7331196b, org.springframework.test.context.event.ApplicationEventsTestExecutionListener@3f9342d4, org.springframework.boot.test.mock.mockito.MockitoTestExecutionListener@ab7395e, org.springframework.boot.test.autoconfigure.SpringBootDependencyInjectionTestExecutionListener@50d13246, org.springframework.test.context.support.DirtiesContextTestExecutionListener@2bd08376, org.springframework.test.context.transaction.TransactionalTestExecutionListener@e70f13a, org.springframework.test.context.jdbc.SqlScriptsTestExecutionListener@3d3e5463, org.springframework.test.context.event.EventPublishingTestExecutionListener@64a40280, org.springframework.boot.test.autoconfigure.restdocs.RestDocsTestExecutionListener@4b40f651, org.springframework.boot.test.autoconfigure.web.client.MockRestServiceServerResetTestExecutionListener@42b02722, org.springframework.boot.test.autoconfigure.web.servlet.MockMvcPrintOnlyOnFailureTestExecutionListener@d62fe5b, org.springframework.boot.test.autoconfigure.web.servlet.WebDriverTestExecutionListener@49964d75, org.springframework.boot.test.autoconfigure.webservices.client.MockWebServiceServerTestExecutionListener@528c868, org.springframework.boot.test.mock.mockito.ResetMocksTestExecutionListener@466276d8]
16:59:08.249 [Test worker] DEBUG org.springframework.test.context.support.TestPropertySourceUtils - Adding inlined properties to environment: {spring.jmx.enabled=false, org.springframework.boot.test.context.SpringBootTestContextBootstrapper=true, server.port=0}

  .   ____          _            __ _ _
 /\\ / ___'_ __ _ _(_)_ __  __ _ \ \ \ \
( ( )\___ | '_ | '_| | '_ \/ _` | \ \ \ \
 \\/  ___)| |_)| | | | | || (_| |  ) ) ) )
  '  |____| .__|_| |_|_| |_\__, | / / / /
 =========|_|==============|___/=/_/_/_/
 :: Spring Boot ::                (v2.4.4)

2022-07-17 16:59:08.679  INFO 12324 --- [    Test worker] c.a.c.AgencyInfoControllerTest           : Starting AgencyInfoControllerTest using Java 1.8.0_231 on DESKTOP-2Q2M1FD with PID 12324 (started by HARESH KANNAN in C:\Users\HARESH KANNAN\IdeaProjects\AgencyManagement)
2022-07-17 16:59:08.683  INFO 12324 --- [    Test worker] c.a.c.AgencyInfoControllerTest           : No active profile set, falling back to default profiles: default
2022-07-17 16:59:09.476  INFO 12324 --- [    Test worker] .s.d.r.c.RepositoryConfigurationDelegate : Bootstrapping Spring Data MongoDB repositories in DEFAULT mode.
2022-07-17 16:59:09.549  INFO 12324 --- [    Test worker] .s.d.r.c.RepositoryConfigurationDelegate : Finished Spring Data repository scanning in 66 ms. Found 1 MongoDB repository interfaces.
2022-07-17 16:59:10.308  INFO 12324 --- [    Test worker] o.s.b.w.embedded.tomcat.TomcatWebServer  : Tomcat initialized with port(s): 0 (http)
2022-07-17 16:59:10.324  INFO 12324 --- [    Test worker] o.apache.catalina.core.StandardService   : Starting service [Tomcat]
2022-07-17 16:59:10.324  INFO 12324 --- [    Test worker] org.apache.catalina.core.StandardEngine  : Starting Servlet engine: [Apache Tomcat/9.0.44]
2022-07-17 16:59:10.480  INFO 12324 --- [    Test worker] o.a.c.c.C.[Tomcat].[localhost].[/]       : Initializing Spring embedded WebApplicationContext
2022-07-17 16:59:10.480  INFO 12324 --- [    Test worker] w.s.c.ServletWebServerApplicationContext : Root WebApplicationContext: initialization completed in 1764 ms
2022-07-17 16:59:10.790  INFO 12324 --- [    Test worker] org.mongodb.driver.cluster               : Cluster created with settings {hosts=[localhost:27017], mode=SINGLE, requiredClusterType=UNKNOWN, serverSelectionTimeout='30000 ms'}
2022-07-17 16:59:10.928  INFO 12324 --- [localhost:27017] org.mongodb.driver.connection            : Opened connection [connectionId{localValue:1, serverValue:8}] to localhost:27017
2022-07-17 16:59:10.928  INFO 12324 --- [localhost:27017] org.mongodb.driver.connection            : Opened connection [connectionId{localValue:2, serverValue:9}] to localhost:27017
2022-07-17 16:59:10.929  INFO 12324 --- [localhost:27017] org.mongodb.driver.cluster               : Monitor thread successfully connected to server with description ServerDescription{address=localhost:27017, type=STANDALONE, state=CONNECTED, ok=true, minWireVersion=0, maxWireVersion=13, maxDocumentSize=16777216, logicalSessionTimeoutMinutes=30, roundTripTimeNanos=62578300}
2022-07-17 16:59:12.180  INFO 12324 --- [    Test worker] o.s.s.concurrent.ThreadPoolTaskExecutor  : Initializing ExecutorService 'applicationTaskExecutor'
2022-07-17 16:59:12.773  INFO 12324 --- [    Test worker] o.s.b.w.embedded.tomcat.TomcatWebServer  : Tomcat started on port(s): 59339 (http) with context path ''
2022-07-17 16:59:12.785  INFO 12324 --- [    Test worker] c.a.c.AgencyInfoControllerTest           : Started AgencyInfoControllerTest in 4.533 seconds (JVM running for 6.927)
2022-07-17 16:59:13.791  INFO 12324 --- [    Test worker] org.mongodb.driver.connection            : Opened connection [connectionId{localValue:3, serverValue:10}] to localhost:27017
2022-07-17 16:59:14.225  INFO 12324 --- [o-auto-1-exec-1] o.a.c.c.C.[Tomcat].[localhost].[/]       : Initializing Spring DispatcherServlet 'dispatcherServlet'
2022-07-17 16:59:14.226  INFO 12324 --- [o-auto-1-exec-1] o.s.web.servlet.DispatcherServlet        : Initializing Servlet 'dispatcherServlet'
2022-07-17 16:59:14.227  INFO 12324 --- [o-auto-1-exec-1] o.s.web.servlet.DispatcherServlet        : Completed initialization in 1 ms
]]></system-out>
  <system-err><![CDATA[]]></system-err>
</testsuite>
