<?xml version="1.0" encoding="UTF-8"?>
<testsuite name="com.agencymanagement.controllers.AgencyInfoControllerTest" tests="5" skipped="0" failures="0" errors="0" timestamp="2022-07-13T09:34:49" hostname="DESKTOP-2Q2M1FD" time="1.851">
  <properties/>
  <testcase name="update agency name()" classname="com.agencymanagement.controllers.AgencyInfoControllerTest" time="1.706"/>
  <testcase name="delete an agency()" classname="com.agencymanagement.controllers.AgencyInfoControllerTest" time="0.057"/>
  <testcase name="return agency by Id()" classname="com.agencymanagement.controllers.AgencyInfoControllerTest" time="0.022"/>
  <testcase name="add an agency()" classname="com.agencymanagement.controllers.AgencyInfoControllerTest" time="0.04"/>
  <testcase name="return all agencies()" classname="com.agencymanagement.controllers.AgencyInfoControllerTest" time="0.023"/>
  <system-out><![CDATA[15:04:44.855 [Test worker] DEBUG org.springframework.test.context.BootstrapUtils - Instantiating CacheAwareContextLoaderDelegate from class [org.springframework.test.context.cache.DefaultCacheAwareContextLoaderDelegate]
15:04:44.870 [Test worker] DEBUG org.springframework.test.context.BootstrapUtils - Instantiating BootstrapContext using constructor [public org.springframework.test.context.support.DefaultBootstrapContext(java.lang.Class,org.springframework.test.context.CacheAwareContextLoaderDelegate)]
15:04:44.902 [Test worker] DEBUG org.springframework.test.context.BootstrapUtils - Instantiating TestContextBootstrapper for test class [com.agencymanagement.controllers.AgencyInfoControllerTest] from class [org.springframework.boot.test.context.SpringBootTestContextBootstrapper]
15:04:44.920 [Test worker] INFO org.springframework.boot.test.context.SpringBootTestContextBootstrapper - Neither @ContextConfiguration nor @ContextHierarchy found for test class [com.agencymanagement.controllers.AgencyInfoControllerTest], using SpringBootContextLoader
15:04:44.926 [Test worker] DEBUG org.springframework.test.context.support.AbstractContextLoader - Did not detect default resource location for test class [com.agencymanagement.controllers.AgencyInfoControllerTest]: class path resource [com/agencymanagement/controllers/AgencyInfoControllerTest-context.xml] does not exist
15:04:44.926 [Test worker] DEBUG org.springframework.test.context.support.AbstractContextLoader - Did not detect default resource location for test class [com.agencymanagement.controllers.AgencyInfoControllerTest]: class path resource [com/agencymanagement/controllers/AgencyInfoControllerTestContext.groovy] does not exist
15:04:44.927 [Test worker] INFO org.springframework.test.context.support.AbstractContextLoader - Could not detect default resource locations for test class [com.agencymanagement.controllers.AgencyInfoControllerTest]: no resource found for suffixes {-context.xml, Context.groovy}.
15:04:44.928 [Test worker] INFO org.springframework.test.context.support.AnnotationConfigContextLoaderUtils - Could not detect default configuration classes for test class [com.agencymanagement.controllers.AgencyInfoControllerTest]: AgencyInfoControllerTest does not declare any static, non-private, non-final, nested classes annotated with @Configuration.
15:04:44.991 [Test worker] DEBUG org.springframework.test.context.support.ActiveProfilesUtils - Could not find an 'annotation declaring class' for annotation type [org.springframework.test.context.ActiveProfiles] and class [com.agencymanagement.controllers.AgencyInfoControllerTest]
15:04:45.086 [Test worker] DEBUG org.springframework.context.annotation.ClassPathScanningCandidateComponentProvider - Identified candidate component class: file [C:\Users\HARESH KANNAN\IdeaProjects\AgencyManagement\build\classes\kotlin\main\com\agencymanagement\AgencyManagementApplication.class]
15:04:45.088 [Test worker] INFO org.springframework.boot.test.context.SpringBootTestContextBootstrapper - Found @SpringBootConfiguration com.agencymanagement.AgencyManagementApplication for test class com.agencymanagement.controllers.AgencyInfoControllerTest
15:04:45.215 [Test worker] DEBUG org.springframework.boot.test.context.SpringBootTestContextBootstrapper - @TestExecutionListeners is not present for class [com.agencymanagement.controllers.AgencyInfoControllerTest]: using defaults.
15:04:45.216 [Test worker] INFO org.springframework.boot.test.context.SpringBootTestContextBootstrapper - Loaded default TestExecutionListener class names from location [META-INF/spring.factories]: [org.springframework.boot.test.autoconfigure.restdocs.RestDocsTestExecutionListener, org.springframework.boot.test.autoconfigure.web.client.MockRestServiceServerResetTestExecutionListener, org.springframework.boot.test.autoconfigure.web.servlet.MockMvcPrintOnlyOnFailureTestExecutionListener, org.springframework.boot.test.autoconfigure.web.servlet.WebDriverTestExecutionListener, org.springframework.boot.test.autoconfigure.webservices.client.MockWebServiceServerTestExecutionListener, org.springframework.boot.test.mock.mockito.MockitoTestExecutionListener, org.springframework.boot.test.mock.mockito.ResetMocksTestExecutionListener, org.springframework.test.context.web.ServletTestExecutionListener, org.springframework.test.context.support.DirtiesContextBeforeModesTestExecutionListener, org.springframework.test.context.event.ApplicationEventsTestExecutionListener, org.springframework.test.context.support.DependencyInjectionTestExecutionListener, org.springframework.test.context.support.DirtiesContextTestExecutionListener, org.springframework.test.context.transaction.TransactionalTestExecutionListener, org.springframework.test.context.jdbc.SqlScriptsTestExecutionListener, org.springframework.test.context.event.EventPublishingTestExecutionListener]
15:04:45.236 [Test worker] INFO org.springframework.boot.test.context.SpringBootTestContextBootstrapper - Using TestExecutionListeners: [org.springframework.test.context.web.ServletTestExecutionListener@29526c05, org.springframework.test.context.support.DirtiesContextBeforeModesTestExecutionListener@2ef14fe, org.springframework.test.context.event.ApplicationEventsTestExecutionListener@77102b91, org.springframework.boot.test.mock.mockito.MockitoTestExecutionListener@45312be2, org.springframework.boot.test.autoconfigure.SpringBootDependencyInjectionTestExecutionListener@7fb95505, org.springframework.test.context.support.DirtiesContextTestExecutionListener@58be6e8, org.springframework.test.context.transaction.TransactionalTestExecutionListener@7331196b, org.springframework.test.context.jdbc.SqlScriptsTestExecutionListener@3f9342d4, org.springframework.test.context.event.EventPublishingTestExecutionListener@ab7395e, org.springframework.boot.test.autoconfigure.restdocs.RestDocsTestExecutionListener@50d13246, org.springframework.boot.test.autoconfigure.web.client.MockRestServiceServerResetTestExecutionListener@2bd08376, org.springframework.boot.test.autoconfigure.web.servlet.MockMvcPrintOnlyOnFailureTestExecutionListener@e70f13a, org.springframework.boot.test.autoconfigure.web.servlet.WebDriverTestExecutionListener@3d3e5463, org.springframework.boot.test.autoconfigure.webservices.client.MockWebServiceServerTestExecutionListener@64a40280, org.springframework.boot.test.mock.mockito.ResetMocksTestExecutionListener@4b40f651]
15:04:45.265 [Test worker] DEBUG org.springframework.test.context.support.TestPropertySourceUtils - Adding inlined properties to environment: {spring.jmx.enabled=false, org.springframework.boot.test.context.SpringBootTestContextBootstrapper=true, server.port=0}

  .   ____          _            __ _ _
 /\\ / ___'_ __ _ _(_)_ __  __ _ \ \ \ \
( ( )\___ | '_ | '_| | '_ \/ _` | \ \ \ \
 \\/  ___)| |_)| | | | | || (_| |  ) ) ) )
  '  |____| .__|_| |_|_| |_\__, | / / / /
 =========|_|==============|___/=/_/_/_/
 :: Spring Boot ::                (v2.4.4)

2022-07-13 15:04:45.646  INFO 18612 --- [    Test worker] c.a.c.AgencyInfoControllerTest           : Starting AgencyInfoControllerTest using Java 1.8.0_231 on DESKTOP-2Q2M1FD with PID 18612 (started by HARESH KANNAN in C:\Users\HARESH KANNAN\IdeaProjects\AgencyManagement)
2022-07-13 15:04:45.649  INFO 18612 --- [    Test worker] c.a.c.AgencyInfoControllerTest           : No active profile set, falling back to default profiles: default
2022-07-13 15:04:46.505  INFO 18612 --- [    Test worker] .s.d.r.c.RepositoryConfigurationDelegate : Bootstrapping Spring Data MongoDB repositories in DEFAULT mode.
2022-07-13 15:04:46.586  INFO 18612 --- [    Test worker] .s.d.r.c.RepositoryConfigurationDelegate : Finished Spring Data repository scanning in 63 ms. Found 1 MongoDB repository interfaces.
2022-07-13 15:04:47.426  INFO 18612 --- [    Test worker] o.s.b.w.embedded.tomcat.TomcatWebServer  : Tomcat initialized with port(s): 0 (http)
2022-07-13 15:04:47.449  INFO 18612 --- [    Test worker] o.apache.catalina.core.StandardService   : Starting service [Tomcat]
2022-07-13 15:04:47.450  INFO 18612 --- [    Test worker] org.apache.catalina.core.StandardEngine  : Starting Servlet engine: [Apache Tomcat/9.0.44]
2022-07-13 15:04:47.649  INFO 18612 --- [    Test worker] o.a.c.c.C.[Tomcat].[localhost].[/]       : Initializing Spring embedded WebApplicationContext
2022-07-13 15:04:47.650  INFO 18612 --- [    Test worker] w.s.c.ServletWebServerApplicationContext : Root WebApplicationContext: initialization completed in 1971 ms
2022-07-13 15:04:47.963  INFO 18612 --- [    Test worker] org.mongodb.driver.cluster               : Cluster created with settings {hosts=[localhost:27017], mode=SINGLE, requiredClusterType=UNKNOWN, serverSelectionTimeout='30000 ms'}
2022-07-13 15:04:48.097  INFO 18612 --- [localhost:27017] org.mongodb.driver.connection            : Opened connection [connectionId{localValue:2, serverValue:3}] to localhost:27017
2022-07-13 15:04:48.097  INFO 18612 --- [localhost:27017] org.mongodb.driver.connection            : Opened connection [connectionId{localValue:1, serverValue:2}] to localhost:27017
2022-07-13 15:04:48.098  INFO 18612 --- [localhost:27017] org.mongodb.driver.cluster               : Monitor thread successfully connected to server with description ServerDescription{address=localhost:27017, type=STANDALONE, state=CONNECTED, ok=true, minWireVersion=0, maxWireVersion=13, maxDocumentSize=16777216, logicalSessionTimeoutMinutes=30, roundTripTimeNanos=45835100}
2022-07-13 15:04:49.142  INFO 18612 --- [    Test worker] o.s.s.concurrent.ThreadPoolTaskExecutor  : Initializing ExecutorService 'applicationTaskExecutor'
2022-07-13 15:04:49.690  INFO 18612 --- [    Test worker] o.s.b.w.embedded.tomcat.TomcatWebServer  : Tomcat started on port(s): 64841 (http) with context path ''
2022-07-13 15:04:49.700  INFO 18612 --- [    Test worker] c.a.c.AgencyInfoControllerTest           : Started AgencyInfoControllerTest in 4.433 seconds (JVM running for 6.43)
2022-07-13 15:04:50.723  INFO 18612 --- [    Test worker] org.mongodb.driver.connection            : Opened connection [connectionId{localValue:3, serverValue:4}] to localhost:27017
2022-07-13 15:04:51.195  INFO 18612 --- [o-auto-1-exec-1] o.a.c.c.C.[Tomcat].[localhost].[/]       : Initializing Spring DispatcherServlet 'dispatcherServlet'
2022-07-13 15:04:51.196  INFO 18612 --- [o-auto-1-exec-1] o.s.web.servlet.DispatcherServlet        : Initializing Servlet 'dispatcherServlet'
2022-07-13 15:04:51.198  INFO 18612 --- [o-auto-1-exec-1] o.s.web.servlet.DispatcherServlet        : Completed initialization in 2 ms
]]></system-out>
  <system-err><![CDATA[]]></system-err>
</testsuite>
